<?xml version="1.0" encoding="UTF-8"?>
<!-- Generated by org.testng.reporters.JUnitReportReporter -->
<testsuite hostname="LAPTOP-9BJ3DGNS" failures="0" tests="1" name="week1.UseAssertions" time="6.071" errors="0" timestamp="2022-12-04T11:23:55 IST" skipped="0">
  <testcase classname="week1.UseAssertions" name="testINCinNumber" time="6.071"/>
  <system-out/>
</testsuite> <!-- week1.UseAssertions -->
