<?xml version="1.0" encoding="UTF-8"?>
<!-- Generated by org.testng.reporters.JUnitReportReporter -->
<testsuite hostname="LAPTOP-9BJ3DGNS" failures="0" tests="1" name="week1.TraverseJSON_One" time="6.810" errors="0" timestamp="2022-12-04T10:43:43 IST" skipped="0">
  <testcase classname="week1.TraverseJSON_One" name="testGetAllIncidents" time="6.810"/>
  <system-out/>
</testsuite> <!-- week1.TraverseJSON_One -->
