<?xml version="1.0" encoding="UTF-8"?>
<!-- Generated by org.testng.reporters.JUnitReportReporter -->
<testsuite hostname="LAPTOP-9BJ3DGNS" failures="0" tests="1" name="week1.QueryParams" time="5.063" errors="0" timestamp="2022-12-03T11:33:30 IST" skipped="0">
  <testcase classname="week1.QueryParams" name="testGetAllIncQPms" time="5.063"/>
  <system-out/>
</testsuite> <!-- week1.QueryParams -->
