<?xml version="1.0" encoding="UTF-8"?>
<!-- Generated by org.testng.reporters.JUnitReportReporter -->
<testsuite hostname="LAPTOP-9BJ3DGNS" failures="0" tests="1" name="chaining.DeleteRecord" time="3.249" errors="0" timestamp="2022-12-04T12:09:21 IST" skipped="0">
  <testcase classname="chaining.DeleteRecord" name="testDeleteIncident" time="3.249"/>
  <system-out/>
</testsuite> <!-- chaining.DeleteRecord -->
