<?xml version="1.0" encoding="UTF-8"?>
<!-- Generated by org.testng.reporters.JUnitReportReporter -->
<testsuite hostname="LAPTOP-9BJ3DGNS" failures="0" tests="1" name="week1.GetContenttype" time="5.482" errors="0" timestamp="2022-12-03T12:08:42 IST" skipped="0">
  <testcase classname="week1.GetContenttype" name="testGetAllIncidents" time="5.482"/>
  <system-out/>
</testsuite> <!-- week1.GetContenttype -->
