<?xml version="1.0" encoding="UTF-8"?>
<!-- Generated by org.testng.reporters.JUnitReportReporter -->
<testsuite hostname="LAPTOP-9BJ3DGNS" failures="0" tests="1" name="chaining.CreateRecord" time="8.450" errors="0" timestamp="2022-12-09T20:35:14 IST" skipped="0">
  <testcase classname="chaining.CreateRecord" name="testCreateincident" time="8.450"/>
  <system-out/>
</testsuite> <!-- chaining.CreateRecord -->
