<?xml version="1.0" encoding="UTF-8"?>
<!-- Generated by org.testng.reporters.JUnitReportReporter -->
<testsuite hostname="LAPTOP-9BJ3DGNS" failures="0" tests="1" name="chaining.week3.exercise.DeleteRecord" time="3.215" errors="0" timestamp="2022-12-09T21:38:29 IST" skipped="0">
  <testcase classname="chaining.week3.exercise.DeleteRecord" name="testDeleteIncident" time="3.215"/>
  <system-out/>
</testsuite> <!-- chaining.week3.exercise.DeleteRecord -->
