<?xml version="1.0" encoding="UTF-8"?>
<!-- Generated by org.testng.reporters.JUnitReportReporter -->
<testsuite hostname="LAPTOP-9BJ3DGNS" failures="0" tests="1" name="week1.CreateRecord" time="6.064" errors="0" timestamp="2022-12-04T09:25:19 IST" skipped="0">
  <testcase classname="week1.CreateRecord" name="testGetAllIncidents" time="6.064"/>
  <system-out/>
</testsuite> <!-- week1.CreateRecord -->
