<?xml version="1.0" encoding="UTF-8"?>
<!-- Generated by org.testng.reporters.JUnitReportReporter -->
<testsuite hostname="LAPTOP-9BJ3DGNS" failures="0" tests="1" name="chaining.week3.jiraexercise.EditJIRAID" time="1.216" errors="0" timestamp="2022-12-10T14:01:32 IST" skipped="0">
  <testcase classname="chaining.week3.jiraexercise.EditJIRAID" name="editJIRA" time="1.216"/>
  <system-out/>
</testsuite> <!-- chaining.week3.jiraexercise.EditJIRAID -->
