<?xml version="1.0" encoding="UTF-8"?>
<!-- Generated by org.testng.reporters.JUnitReportReporter -->
<testsuite hostname="LAPTOP-9BJ3DGNS" failures="0" tests="1" name="chaining.week3.exercise.UpdateRecordPatch" time="7.197" errors="0" timestamp="2022-12-10T12:38:44 IST" skipped="0">
  <testcase classname="chaining.week3.exercise.UpdateRecordPatch" name="testPatchIncident" time="7.197"/>
  <system-out/>
</testsuite> <!-- chaining.week3.exercise.UpdateRecordPatch -->
