<?xml version="1.0" encoding="UTF-8"?>
<!-- Generated by org.testng.reporters.JUnitReportReporter -->
<testsuite hostname="LAPTOP-9BJ3DGNS" failures="0" tests="1" name="chaining.week3.exercise.UpdateRecordPut" time="6.932" errors="0" timestamp="2022-12-10T12:36:52 IST" skipped="0">
  <testcase classname="chaining.week3.exercise.UpdateRecordPut" name="testPutIncident" time="6.932"/>
  <system-out/>
</testsuite> <!-- chaining.week3.exercise.UpdateRecordPut -->
