<?xml version="1.0" encoding="UTF-8"?>
<!-- Generated by org.testng.reporters.JUnitReportReporter -->
<testsuite hostname="LAPTOP-9BJ3DGNS" failures="0" tests="1" name="week1.CreateWithFile" time="4.967" errors="0" timestamp="2022-12-04T10:21:56 IST" skipped="0">
  <testcase classname="week1.CreateWithFile" name="testGetAllIncidents" time="4.967"/>
  <system-out/>
</testsuite> <!-- week1.CreateWithFile -->
