<?xml version="1.0" encoding="UTF-8"?>
<!-- Generated by org.testng.reporters.JUnitReportReporter -->
<testsuite hostname="LAPTOP-9BJ3DGNS" failures="0" tests="1" name="week1.CreateWithString" time="5.093" errors="0" timestamp="2022-12-04T11:19:14 IST" skipped="0">
  <testcase classname="week1.CreateWithString" name="testGetAllIncidents" time="5.093"/>
  <system-out/>
</testsuite> <!-- week1.CreateWithString -->
