<?xml version="1.0" encoding="UTF-8"?>
<!-- Generated by org.testng.reporters.JUnitReportReporter -->
<testsuite hostname="LAPTOP-9BJ3DGNS" failures="0" tests="1" name="chaining.week3.jiraexercise.CreateJIRAid" time="3.594" errors="0" timestamp="2022-12-10T14:11:48 IST" skipped="0">
  <testcase classname="chaining.week3.jiraexercise.CreateJIRAid" name="testCreateid" time="3.594"/>
  <system-out/>
</testsuite> <!-- chaining.week3.jiraexercise.CreateJIRAid -->
